#
# An unexpected error has been detected by Java Runtime Environment:
#
#  Internal Error (classFileParser.cpp:2923), pid=11285, tid=3084430224
#  Error: ShouldNotReachHere()
#
# Java VM: Java HotSpot(TM) Client VM (11.0-b15 mixed mode linux-x86)
# If you would like to submit a bug report, please visit:
#   http://java.sun.com/webapps/bugreport/crash.jsp
#

---------------  T H R E A D  ---------------

Current thread (0x08058800):  JavaThread "Unknown thread" [_thread_in_vm, id=11286, stack(0xb7d3a000,0xb7d8b000)]

Stack: [0xb7d3a000,0xb7d8b000],  sp=0xb7d89a80,  free space=318k
Native frames: (J=compiled Java code, j=interpreted, Vv=VM code, C=native code)
V  [libjvm.so+0x3cc48b]
V  [libjvm.so+0x1c7a30]
V  [libjvm.so+0x18a05d]
V  [libjvm.so+0x18ee82]
V  [libjvm.so+0x37882c]
V  [libjvm.so+0x377475]
V  [libjvm.so+0x3764e7]
V  [libjvm.so+0x3761f2]
V  [libjvm.so+0x379f5d]
V  [libjvm.so+0x379b49]
V  [libjvm.so+0x3ad59a]
V  [libjvm.so+0x3aec6f]
V  [libjvm.so+0x1fc048]
V  [libjvm.so+0x3a349a]
V  [libjvm.so+0x2440d3]
C  [java+0x301c]
C  [java+0x1942]  JavaMain+0x72
C  [libpthread.so.0+0x650f]


---------------  P R O C E S S  ---------------

Java Threads: ( => current thread )

Other Threads:

=>0x08058800 (exited) JavaThread "Unknown thread" [_thread_in_vm, id=11286, stack(0xb7d3a000,0xb7d8b000)]

VM state:not at safepoint (not fully initialized)

VM Mutex/Monitor currently owned by a thread: None

Dynamic libraries:
06000000-0642a000 r-xp 00000000 08:01 623502     /usr/lib/jvm/java-6-sun-1.6.0.10/jre/lib/i386/client/libjvm.so
0642a000-06444000 rwxp 0042a000 08:01 623502     /usr/lib/jvm/java-6-sun-1.6.0.10/jre/lib/i386/client/libjvm.so
06444000-06864000 rwxp 06444000 00:00 0 
08048000-08052000 r-xp 00000000 08:01 623479     /usr/lib/jvm/java-6-sun-1.6.0.10/jre/bin/java
08052000-08053000 rwxp 00009000 08:01 623479     /usr/lib/jvm/java-6-sun-1.6.0.10/jre/bin/java
08053000-080ba000 rwxp 08053000 00:00 0          [heap]
adb5d000-adba0000 r-xs 0026a000 08:01 870012     /home/tuttle/android-sdk-linux_x86-1.0_r1/android.jar
adba0000-adba7000 rwxp adba0000 00:00 0 
adba7000-adbc1000 rwxp adba7000 00:00 0 
adbc1000-adbc4000 rwxp adbc1000 00:00 0 
adbc4000-adbdf000 rwxp adbc4000 00:00 0 
adbdf000-adbe0000 rwxp adbdf000 00:00 0 
adbe0000-adbe1000 rwxp adbe0000 00:00 0 
adbe1000-adbe4000 rwxp adbe1000 00:00 0 
adbe4000-adbff000 rwxp adbe4000 00:00 0 
adbff000-adc05000 rwxp adbff000 00:00 0 
adc05000-adc1f000 rwxp adc05000 00:00 0 
adc1f000-add20000 rwxp adc1f000 00:00 0 
add20000-ae100000 rwxp add20000 00:00 0 
ae100000-ae500000 rwxp ae100000 00:00 0 
ae500000-b1c20000 rwxp ae500000 00:00 0 
b1c20000-b2820000 rwxp b1c20000 00:00 0 
b2820000-b5c20000 rwxp b2820000 00:00 0 
b5c27000-b5c28000 rwxp b5c27000 00:00 0 
b5c28000-b5ca7000 rwxp b5c28000 00:00 0 
b5ca7000-b5cd7000 rwxp b5ca7000 00:00 0 
b5cd7000-b7ca7000 rwxp b5cd7000 00:00 0 
b7ca7000-b7cb6000 r-xp 00000000 08:01 618137     /usr/lib/jvm/java-6-sun-1.6.0.10/jre/lib/i386/libzip.so
b7cb6000-b7cb8000 rwxp 0000e000 08:01 618137     /usr/lib/jvm/java-6-sun-1.6.0.10/jre/lib/i386/libzip.so
b7cb8000-b7cdb000 r-xp 00000000 08:01 618136     /usr/lib/jvm/java-6-sun-1.6.0.10/jre/lib/i386/libjava.so
b7cdb000-b7cdd000 rwxp 00023000 08:01 618136     /usr/lib/jvm/java-6-sun-1.6.0.10/jre/lib/i386/libjava.so
b7cdd000-b7ce8000 r-xp 00000000 08:01 618135     /usr/lib/jvm/java-6-sun-1.6.0.10/jre/lib/i386/libverify.so
b7ce8000-b7ce9000 rwxp 0000b000 08:01 618135     /usr/lib/jvm/java-6-sun-1.6.0.10/jre/lib/i386/libverify.so
b7ce9000-b7cf3000 r-xp 00000000 08:01 647343     /lib/tls/i686/cmov/libnss_files-2.8.90.so
b7cf3000-b7cf4000 r-xp 00009000 08:01 647343     /lib/tls/i686/cmov/libnss_files-2.8.90.so
b7cf4000-b7cf5000 rwxp 0000a000 08:01 647343     /lib/tls/i686/cmov/libnss_files-2.8.90.so
b7cf5000-b7cfe000 r-xp 00000000 08:01 647345     /lib/tls/i686/cmov/libnss_nis-2.8.90.so
b7cfe000-b7cff000 r-xp 00008000 08:01 647345     /lib/tls/i686/cmov/libnss_nis-2.8.90.so
b7cff000-b7d00000 rwxp 00009000 08:01 647345     /lib/tls/i686/cmov/libnss_nis-2.8.90.so
b7d00000-b7d07000 r-xp 00000000 08:01 647341     /lib/tls/i686/cmov/libnss_compat-2.8.90.so
b7d07000-b7d08000 r-xp 00006000 08:01 647341     /lib/tls/i686/cmov/libnss_compat-2.8.90.so
b7d08000-b7d09000 rwxp 00007000 08:01 647341     /lib/tls/i686/cmov/libnss_compat-2.8.90.so
b7d09000-b7d1e000 r-xp 00000000 08:01 647340     /lib/tls/i686/cmov/libnsl-2.8.90.so
b7d1e000-b7d1f000 r-xp 00014000 08:01 647340     /lib/tls/i686/cmov/libnsl-2.8.90.so
b7d1f000-b7d20000 rwxp 00015000 08:01 647340     /lib/tls/i686/cmov/libnsl-2.8.90.so
b7d20000-b7d22000 rwxp b7d20000 00:00 0 
b7d29000-b7d31000 rwxs 00000000 08:01 9065       /tmp/hsperfdata_tuttle/11285
b7d31000-b7d38000 r-xp 00000000 08:01 647352     /lib/tls/i686/cmov/librt-2.8.90.so
b7d38000-b7d39000 r-xp 00007000 08:01 647352     /lib/tls/i686/cmov/librt-2.8.90.so
b7d39000-b7d3a000 rwxp 00008000 08:01 647352     /lib/tls/i686/cmov/librt-2.8.90.so
b7d3a000-b7d3d000 ---p b7d3a000 00:00 0 
b7d3d000-b7d8b000 rwxp b7d3d000 00:00 0 
b7d8b000-b7daf000 r-xp 00000000 08:01 647338     /lib/tls/i686/cmov/libm-2.8.90.so
b7daf000-b7db0000 r-xp 00023000 08:01 647338     /lib/tls/i686/cmov/libm-2.8.90.so
b7db0000-b7db1000 rwxp 00024000 08:01 647338     /lib/tls/i686/cmov/libm-2.8.90.so
b7db1000-b7db2000 rwxp b7db1000 00:00 0 
b7db2000-b7f0a000 r-xp 00000000 08:01 647334     /lib/tls/i686/cmov/libc-2.8.90.so
b7f0a000-b7f0c000 r-xp 00158000 08:01 647334     /lib/tls/i686/cmov/libc-2.8.90.so
b7f0c000-b7f0d000 rwxp 0015a000 08:01 647334     /lib/tls/i686/cmov/libc-2.8.90.so
b7f0d000-b7f10000 rwxp b7f0d000 00:00 0 
b7f10000-b7f12000 r-xp 00000000 08:01 647337     /lib/tls/i686/cmov/libdl-2.8.90.so
b7f12000-b7f13000 r-xp 00001000 08:01 647337     /lib/tls/i686/cmov/libdl-2.8.90.so
b7f13000-b7f14000 rwxp 00002000 08:01 647337     /lib/tls/i686/cmov/libdl-2.8.90.so
b7f14000-b7f1b000 r-xp 00000000 08:01 623505     /usr/lib/jvm/java-6-sun-1.6.0.10/jre/lib/i386/jli/libjli.so
b7f1b000-b7f1d000 rwxp 00006000 08:01 623505     /usr/lib/jvm/java-6-sun-1.6.0.10/jre/lib/i386/jli/libjli.so
b7f1d000-b7f1e000 rwxp b7f1d000 00:00 0 
b7f1e000-b7f33000 r-xp 00000000 08:01 647348     /lib/tls/i686/cmov/libpthread-2.8.90.so
b7f33000-b7f34000 r-xp 00014000 08:01 647348     /lib/tls/i686/cmov/libpthread-2.8.90.so
b7f34000-b7f35000 rwxp 00015000 08:01 647348     /lib/tls/i686/cmov/libpthread-2.8.90.so
b7f35000-b7f37000 rwxp b7f35000 00:00 0 
b7f3d000-b7f43000 r-xp 00000000 08:01 623497     /usr/lib/jvm/java-6-sun-1.6.0.10/jre/lib/i386/native_threads/libhpi.so
b7f43000-b7f44000 rwxp 00006000 08:01 623497     /usr/lib/jvm/java-6-sun-1.6.0.10/jre/lib/i386/native_threads/libhpi.so
b7f44000-b7f45000 rwxp b7f44000 00:00 0 
b7f45000-b7f46000 r-xp b7f45000 00:00 0 
b7f46000-b7f48000 rwxp b7f46000 00:00 0 
b7f48000-b7f62000 r-xp 00000000 08:01 630803     /lib/ld-2.8.90.so
b7f62000-b7f63000 r-xp b7f62000 00:00 0          [vdso]
b7f63000-b7f64000 r-xp 0001a000 08:01 630803     /lib/ld-2.8.90.so
b7f64000-b7f65000 rwxp 0001b000 08:01 630803     /lib/ld-2.8.90.so
bfd30000-bfd45000 rwxp bffeb000 00:00 0          [stack]

VM Arguments:
jvm_args: -Xbootclasspath:/home/tuttle/android-sdk-linux_x86-1.0_r1/android.jar 
java_command: jmap.Scan
Launcher Type: SUN_STANDARD

Environment Variables:
PATH=/usr/local/sbin:/usr/local/bin:/usr/sbin:/usr/bin:/sbin:/bin:/usr/games
USERNAME=tuttle
LD_LIBRARY_PATH=/usr/lib/jvm/java-6-sun-1.6.0.10/jre/lib/i386/client:/usr/lib/jvm/java-6-sun-1.6.0.10/jre/lib/i386:/usr/lib/jvm/java-6-sun-1.6.0.10/jre/../lib/i386:/usr/lib/jvm/java-6-sun-1.6.0.10/jre/lib/i386/client::/usr/lib/jvm/java-6-sun-1.6.0.10/jre/lib/i386::/usr/lib/xulrunner-addons:/usr/lib/xulrunner-addons
SHELL=/bin/bash
DISPLAY=:0.0

Signal Handlers:
SIGSEGV: [libjvm.so+0x3ccf60], sa_mask[0]=0x7ffbfeff, sa_flags=0x10000004
SIGBUS: [libjvm.so+0x3ccf60], sa_mask[0]=0x7ffbfeff, sa_flags=0x10000004
SIGFPE: [libjvm.so+0x30e830], sa_mask[0]=0x7ffbfeff, sa_flags=0x10000004
SIGPIPE: [libjvm.so+0x30e830], sa_mask[0]=0x7ffbfeff, sa_flags=0x10000004
SIGXFSZ: [libjvm.so+0x30e830], sa_mask[0]=0x7ffbfeff, sa_flags=0x10000004
SIGILL: [libjvm.so+0x30e830], sa_mask[0]=0x7ffbfeff, sa_flags=0x10000004
SIGUSR1: SIG_DFL, sa_mask[0]=0x00000000, sa_flags=0x00000000
SIGUSR2: [libjvm.so+0x310d00], sa_mask[0]=0x00000004, sa_flags=0x10000004
SIGHUP: SIG_DFL, sa_mask[0]=0x00000000, sa_flags=0x00000000
SIGINT: SIG_DFL, sa_mask[0]=0x00000000, sa_flags=0x00000000
SIGTERM: SIG_DFL, sa_mask[0]=0x00000000, sa_flags=0x00000000
SIGQUIT: SIG_DFL, sa_mask[0]=0x00000000, sa_flags=0x00000000


---------------  S Y S T E M  ---------------

OS:lenny/sid

uname:Linux 2.6.24-19-generic #1 SMP Wed Aug 20 22:56:21 UTC 2008 i686
libc:glibc 2.8.90 NPTL 2.8.90 
rlimit: STACK 8192k, CORE 0k, NPROC 5107, NOFILE 1024, AS infinity
load average:0.85 0.39 0.33

CPU:total 1 (1 cores per cpu, 1 threads per core) family 15 model 2 stepping 9, cmov, cx8, fxsr, mmx, sse, sse2

Memory: 4k page, physical 643712k(12540k free), swap 1646620k(1597684k free)

vm_info: Java HotSpot(TM) Client VM (11.0-b15) for linux-x86 JRE (1.6.0_10-b33), built on Sep 26 2008 01:18:27 by "java_re" with gcc 3.2.1-7a (J2SE release)

time: Thu Jan 22 18:27:53 2009
elapsed time: 0 seconds

