#
# An unexpected error has been detected by Java Runtime Environment:
#
#  Internal Error (classFileParser.cpp:2923), pid=6340, tid=3084737424
#  Error: ShouldNotReachHere()
#
# Java VM: Java HotSpot(TM) Client VM (11.0-b15 mixed mode linux-x86)
# If you would like to submit a bug report, please visit:
#   http://java.sun.com/webapps/bugreport/crash.jsp
#

---------------  T H R E A D  ---------------

Current thread (0x08058800):  JavaThread "Unknown thread" [_thread_in_vm, id=6345, stack(0xb7d85000,0xb7dd6000)]

Stack: [0xb7d85000,0xb7dd6000],  sp=0xb7dd4a80,  free space=318k
Native frames: (J=compiled Java code, j=interpreted, Vv=VM code, C=native code)
V  [libjvm.so+0x3cc48b]
V  [libjvm.so+0x1c7a30]
V  [libjvm.so+0x18a05d]
V  [libjvm.so+0x18ee82]
V  [libjvm.so+0x37882c]
V  [libjvm.so+0x377475]
V  [libjvm.so+0x3764e7]
V  [libjvm.so+0x3761f2]
V  [libjvm.so+0x379f5d]
V  [libjvm.so+0x379b49]
V  [libjvm.so+0x3ad59a]
V  [libjvm.so+0x3aec6f]
V  [libjvm.so+0x1fc048]
V  [libjvm.so+0x3a349a]
V  [libjvm.so+0x2440d3]
C  [java+0x301c]
C  [java+0x1942]  JavaMain+0x72
C  [libpthread.so.0+0x650f]


---------------  P R O C E S S  ---------------

Java Threads: ( => current thread )

Other Threads:

=>0x08058800 (exited) JavaThread "Unknown thread" [_thread_in_vm, id=6345, stack(0xb7d85000,0xb7dd6000)]

VM state:not at safepoint (not fully initialized)

VM Mutex/Monitor currently owned by a thread: None

Dynamic libraries:
06000000-0642a000 r-xp 00000000 08:01 623502     /usr/lib/jvm/java-6-sun-1.6.0.10/jre/lib/i386/client/libjvm.so
0642a000-06444000 rwxp 0042a000 08:01 623502     /usr/lib/jvm/java-6-sun-1.6.0.10/jre/lib/i386/client/libjvm.so
06444000-06864000 rwxp 06444000 00:00 0 
08048000-08052000 r-xp 00000000 08:01 623479     /usr/lib/jvm/java-6-sun-1.6.0.10/jre/bin/java
08052000-08053000 rwxp 00009000 08:01 623479     /usr/lib/jvm/java-6-sun-1.6.0.10/jre/bin/java
08053000-080ba000 rwxp 08053000 00:00 0          [heap]
adbad000-adbf0000 r-xs 0026a000 08:01 870012     /home/tuttle/android-sdk-linux_x86-1.0_r1/android.jar
adbf0000-adbf7000 rwxp adbf0000 00:00 0 
adbf7000-adc11000 rwxp adbf7000 00:00 0 
adc11000-adc14000 rwxp adc11000 00:00 0 
adc14000-adc2f000 rwxp adc14000 00:00 0 
adc2f000-adc30000 rwxp adc2f000 00:00 0 
adc30000-adc31000 rwxp adc30000 00:00 0 
adc31000-adc34000 rwxp adc31000 00:00 0 
adc34000-adc4f000 rwxp adc34000 00:00 0 
adc4f000-adc55000 rwxp adc4f000 00:00 0 
adc55000-adc6f000 rwxp adc55000 00:00 0 
adc6f000-add70000 rwxp adc6f000 00:00 0 
add70000-ae150000 rwxp add70000 00:00 0 
ae150000-ae550000 rwxp ae150000 00:00 0 
ae550000-b1c70000 rwxp ae550000 00:00 0 
b1c70000-b2870000 rwxp b1c70000 00:00 0 
b2870000-b5c70000 rwxp b2870000 00:00 0 
b5c72000-b5c73000 rwxp b5c72000 00:00 0 
b5c73000-b5cf2000 rwxp b5c73000 00:00 0 
b5cf2000-b5d22000 rwxp b5cf2000 00:00 0 
b5d22000-b7cf2000 rwxp b5d22000 00:00 0 
b7cf2000-b7d01000 r-xp 00000000 08:01 618137     /usr/lib/jvm/java-6-sun-1.6.0.10/jre/lib/i386/libzip.so
b7d01000-b7d03000 rwxp 0000e000 08:01 618137     /usr/lib/jvm/java-6-sun-1.6.0.10/jre/lib/i386/libzip.so
b7d03000-b7d26000 r-xp 00000000 08:01 618136     /usr/lib/jvm/java-6-sun-1.6.0.10/jre/lib/i386/libjava.so
b7d26000-b7d28000 rwxp 00023000 08:01 618136     /usr/lib/jvm/java-6-sun-1.6.0.10/jre/lib/i386/libjava.so
b7d28000-b7d33000 r-xp 00000000 08:01 618135     /usr/lib/jvm/java-6-sun-1.6.0.10/jre/lib/i386/libverify.so
b7d33000-b7d34000 rwxp 0000b000 08:01 618135     /usr/lib/jvm/java-6-sun-1.6.0.10/jre/lib/i386/libverify.so
b7d34000-b7d3e000 r-xp 00000000 08:01 647343     /lib/tls/i686/cmov/libnss_files-2.8.90.so
b7d3e000-b7d3f000 r-xp 00009000 08:01 647343     /lib/tls/i686/cmov/libnss_files-2.8.90.so
b7d3f000-b7d40000 rwxp 0000a000 08:01 647343     /lib/tls/i686/cmov/libnss_files-2.8.90.so
b7d40000-b7d49000 r-xp 00000000 08:01 647345     /lib/tls/i686/cmov/libnss_nis-2.8.90.so
b7d49000-b7d4a000 r-xp 00008000 08:01 647345     /lib/tls/i686/cmov/libnss_nis-2.8.90.so
b7d4a000-b7d4b000 rwxp 00009000 08:01 647345     /lib/tls/i686/cmov/libnss_nis-2.8.90.so
b7d4b000-b7d52000 r-xp 00000000 08:01 647341     /lib/tls/i686/cmov/libnss_compat-2.8.90.so
b7d52000-b7d53000 r-xp 00006000 08:01 647341     /lib/tls/i686/cmov/libnss_compat-2.8.90.so
b7d53000-b7d54000 rwxp 00007000 08:01 647341     /lib/tls/i686/cmov/libnss_compat-2.8.90.so
b7d54000-b7d69000 r-xp 00000000 08:01 647340     /lib/tls/i686/cmov/libnsl-2.8.90.so
b7d69000-b7d6a000 r-xp 00014000 08:01 647340     /lib/tls/i686/cmov/libnsl-2.8.90.so
b7d6a000-b7d6b000 rwxp 00015000 08:01 647340     /lib/tls/i686/cmov/libnsl-2.8.90.so
b7d6b000-b7d6d000 rwxp b7d6b000 00:00 0 
b7d74000-b7d7c000 rwxs 00000000 08:01 9065       /tmp/hsperfdata_tuttle/6340
b7d7c000-b7d83000 r-xp 00000000 08:01 647352     /lib/tls/i686/cmov/librt-2.8.90.so
b7d83000-b7d84000 r-xp 00007000 08:01 647352     /lib/tls/i686/cmov/librt-2.8.90.so
b7d84000-b7d85000 rwxp 00008000 08:01 647352     /lib/tls/i686/cmov/librt-2.8.90.so
b7d85000-b7d88000 ---p b7d85000 00:00 0 
b7d88000-b7dd6000 rwxp b7d88000 00:00 0 
b7dd6000-b7dfa000 r-xp 00000000 08:01 647338     /lib/tls/i686/cmov/libm-2.8.90.so
b7dfa000-b7dfb000 r-xp 00023000 08:01 647338     /lib/tls/i686/cmov/libm-2.8.90.so
b7dfb000-b7dfc000 rwxp 00024000 08:01 647338     /lib/tls/i686/cmov/libm-2.8.90.so
b7dfc000-b7dfd000 rwxp b7dfc000 00:00 0 
b7dfd000-b7f55000 r-xp 00000000 08:01 647334     /lib/tls/i686/cmov/libc-2.8.90.so
b7f55000-b7f57000 r-xp 00158000 08:01 647334     /lib/tls/i686/cmov/libc-2.8.90.so
b7f57000-b7f58000 rwxp 0015a000 08:01 647334     /lib/tls/i686/cmov/libc-2.8.90.so
b7f58000-b7f5b000 rwxp b7f58000 00:00 0 
b7f5b000-b7f5d000 r-xp 00000000 08:01 647337     /lib/tls/i686/cmov/libdl-2.8.90.so
b7f5d000-b7f5e000 r-xp 00001000 08:01 647337     /lib/tls/i686/cmov/libdl-2.8.90.so
b7f5e000-b7f5f000 rwxp 00002000 08:01 647337     /lib/tls/i686/cmov/libdl-2.8.90.so
b7f5f000-b7f66000 r-xp 00000000 08:01 623505     /usr/lib/jvm/java-6-sun-1.6.0.10/jre/lib/i386/jli/libjli.so
b7f66000-b7f68000 rwxp 00006000 08:01 623505     /usr/lib/jvm/java-6-sun-1.6.0.10/jre/lib/i386/jli/libjli.so
b7f68000-b7f69000 rwxp b7f68000 00:00 0 
b7f69000-b7f7e000 r-xp 00000000 08:01 647348     /lib/tls/i686/cmov/libpthread-2.8.90.so
b7f7e000-b7f7f000 r-xp 00014000 08:01 647348     /lib/tls/i686/cmov/libpthread-2.8.90.so
b7f7f000-b7f80000 rwxp 00015000 08:01 647348     /lib/tls/i686/cmov/libpthread-2.8.90.so
b7f80000-b7f82000 rwxp b7f80000 00:00 0 
b7f88000-b7f8e000 r-xp 00000000 08:01 623497     /usr/lib/jvm/java-6-sun-1.6.0.10/jre/lib/i386/native_threads/libhpi.so
b7f8e000-b7f8f000 rwxp 00006000 08:01 623497     /usr/lib/jvm/java-6-sun-1.6.0.10/jre/lib/i386/native_threads/libhpi.so
b7f8f000-b7f90000 rwxp b7f8f000 00:00 0 
b7f90000-b7f91000 r-xp b7f90000 00:00 0 
b7f91000-b7f93000 rwxp b7f91000 00:00 0 
b7f93000-b7fad000 r-xp 00000000 08:01 630803     /lib/ld-2.8.90.so
b7fad000-b7fae000 r-xp b7fad000 00:00 0          [vdso]
b7fae000-b7faf000 r-xp 0001a000 08:01 630803     /lib/ld-2.8.90.so
b7faf000-b7fb0000 rwxp 0001b000 08:01 630803     /lib/ld-2.8.90.so
bfc9b000-bfcb0000 rwxp bffeb000 00:00 0          [stack]

VM Arguments:
jvm_args: -Xbootclasspath:/home/tuttle/android-sdk-linux_x86-1.0_r1/android.jar 
java_command: jmap.Scan
Launcher Type: SUN_STANDARD

Environment Variables:
PATH=/usr/local/sbin:/usr/local/bin:/usr/sbin:/usr/bin:/sbin:/bin:/usr/games
USERNAME=tuttle
LD_LIBRARY_PATH=/usr/lib/jvm/java-6-sun-1.6.0.10/jre/lib/i386/client:/usr/lib/jvm/java-6-sun-1.6.0.10/jre/lib/i386:/usr/lib/jvm/java-6-sun-1.6.0.10/jre/../lib/i386:/usr/lib/jvm/java-6-sun-1.6.0.10/jre/lib/i386/client::/usr/lib/jvm/java-6-sun-1.6.0.10/jre/lib/i386::/usr/lib/xulrunner-addons:/usr/lib/xulrunner-addons
SHELL=/bin/bash
DISPLAY=:0.0

Signal Handlers:
SIGSEGV: [libjvm.so+0x3ccf60], sa_mask[0]=0x7ffbfeff, sa_flags=0x10000004
SIGBUS: [libjvm.so+0x3ccf60], sa_mask[0]=0x7ffbfeff, sa_flags=0x10000004
SIGFPE: [libjvm.so+0x30e830], sa_mask[0]=0x7ffbfeff, sa_flags=0x10000004
SIGPIPE: [libjvm.so+0x30e830], sa_mask[0]=0x7ffbfeff, sa_flags=0x10000004
SIGXFSZ: [libjvm.so+0x30e830], sa_mask[0]=0x7ffbfeff, sa_flags=0x10000004
SIGILL: [libjvm.so+0x30e830], sa_mask[0]=0x7ffbfeff, sa_flags=0x10000004
SIGUSR1: SIG_DFL, sa_mask[0]=0x00000000, sa_flags=0x00000000
SIGUSR2: [libjvm.so+0x310d00], sa_mask[0]=0x00000004, sa_flags=0x10000004
SIGHUP: SIG_DFL, sa_mask[0]=0x00000000, sa_flags=0x00000000
SIGINT: SIG_DFL, sa_mask[0]=0x00000000, sa_flags=0x00000000
SIGTERM: SIG_DFL, sa_mask[0]=0x00000000, sa_flags=0x00000000
SIGQUIT: SIG_DFL, sa_mask[0]=0x00000000, sa_flags=0x00000000


---------------  S Y S T E M  ---------------

OS:lenny/sid

uname:Linux 2.6.24-19-generic #1 SMP Wed Aug 20 22:56:21 UTC 2008 i686
libc:glibc 2.8.90 NPTL 2.8.90 
rlimit: STACK 8192k, CORE 0k, NPROC 5107, NOFILE 1024, AS infinity
load average:0.53 0.72 0.53

CPU:total 1 (1 cores per cpu, 1 threads per core) family 15 model 2 stepping 9, cmov, cx8, fxsr, mmx, sse, sse2

Memory: 4k page, physical 643712k(41360k free), swap 1646620k(1600212k free)

vm_info: Java HotSpot(TM) Client VM (11.0-b15) for linux-x86 JRE (1.6.0_10-b33), built on Sep 26 2008 01:18:27 by "java_re" with gcc 3.2.1-7a (J2SE release)

time: Thu Jan 22 13:27:07 2009
elapsed time: 0 seconds

